<?xml version="1.0" encoding="UTF-8"?>
<!-- Generated by org.testng.reporters.JUnitXMLReporter -->
<testsuite ignored="0" hostname="DESKTOP-NQ83CF5" failures="2" tests="3" name="Test" time="162.652" errors="0" timestamp="2024-04-27T13:46:18 IST">
  <testcase classname="qaTests.Tests1" name="VerificationOfAddNomineeButton" time="21.647"/>
  <testcase classname="qaTests.Tests1" name="VerificationOfExploreDropdown" time="51.048">
    <failure type="org.openqa.selenium.ElementNotInteractableException" message="element not interactable
  (Session info: MicrosoftEdge=124.0.2478.51)
Build info: version: &amp;apos;4.18.1&amp;apos;, revision: &amp;apos;b1d3319b48&amp;apos;
System info: os.name: &amp;apos;Windows 10&amp;apos;, os.arch: &amp;apos;amd64&amp;apos;, os.version: &amp;apos;10.0&amp;apos;, java.version: &amp;apos;17.0.10&amp;apos;
Driver info: org.openqa.selenium.edge.EdgeDriver
Command: [d56c384cccf645db2c2b486e99fcb963, clickElement {id=f.F8407ACC65FF4E0C8B4116D7DBFB4437.d.FFDC269A9A173C2E78A5B1797F1EDB87.e.178}]
Capabilities {acceptInsecureCerts: false, browserName: MicrosoftEdge, browserVersion: 124.0.2478.51, fedcm:accounts: true, ms:edgeOptions: {debuggerAddress: localhost:60495}, msedge: {msedgedriverVersion: 124.0.2478.51 (e23a9b7d0a14..., userDataDir: C:\Users\TESTRIG\AppData\Lo...}, networkConnectionEnabled: false, pageLoadStrategy: normal, platformName: windows, proxy: Proxy(), se:cdp: ws://localhost:60495/devtoo..., se:cdpVersion: 124.0.2478.51, setWindowRect: true, strictFileInteractability: false, timeouts: {implicit: 0, pageLoad: 300000, script: 30000}, unhandledPromptBehavior: dismiss and notify, webauthn:extension:credBlob: true, webauthn:extension:largeBlob: true, webauthn:extension:minPinLength: true, webauthn:extension:prf: true, webauthn:virtualAuthenticators: true}
Element: [[EdgeDriver: MicrosoftEdge on windows (d56c384cccf645db2c2b486e99fcb963)] -&amp;gt; xpath: (//p[contains(text(),&amp;apos;Staking&amp;apos;)])[1]]
Session ID: d56c384cccf645db2c2b486e99fcb963">
      <![CDATA[org.openqa.selenium.ElementNotInteractableException: element not interactable
  (Session info: MicrosoftEdge=124.0.2478.51)
Build info: version: '4.18.1', revision: 'b1d3319b48'
System info: os.name: 'Windows 10', os.arch: 'amd64', os.version: '10.0', java.version: '17.0.10'
Driver info: org.openqa.selenium.edge.EdgeDriver
Command: [d56c384cccf645db2c2b486e99fcb963, clickElement {id=f.F8407ACC65FF4E0C8B4116D7DBFB4437.d.FFDC269A9A173C2E78A5B1797F1EDB87.e.178}]
Capabilities {acceptInsecureCerts: false, browserName: MicrosoftEdge, browserVersion: 124.0.2478.51, fedcm:accounts: true, ms:edgeOptions: {debuggerAddress: localhost:60495}, msedge: {msedgedriverVersion: 124.0.2478.51 (e23a9b7d0a14..., userDataDir: C:\Users\TESTRIG\AppData\Lo...}, networkConnectionEnabled: false, pageLoadStrategy: normal, platformName: windows, proxy: Proxy(), se:cdp: ws://localhost:60495/devtoo..., se:cdpVersion: 124.0.2478.51, setWindowRect: true, strictFileInteractability: false, timeouts: {implicit: 0, pageLoad: 300000, script: 30000}, unhandledPromptBehavior: dismiss and notify, webauthn:extension:credBlob: true, webauthn:extension:largeBlob: true, webauthn:extension:minPinLength: true, webauthn:extension:prf: true, webauthn:virtualAuthenticators: true}
Element: [[EdgeDriver: MicrosoftEdge on windows (d56c384cccf645db2c2b486e99fcb963)] -> xpath: (//p[contains(text(),'Staking')])[1]]
Session ID: d56c384cccf645db2c2b486e99fcb963
at org.openqa.selenium.remote.ErrorCodec.decode(ErrorCodec.java:167)
at org.openqa.selenium.remote.codec.w3c.W3CHttpResponseCodec.decode(W3CHttpResponseCodec.java:138)
at org.openqa.selenium.remote.codec.w3c.W3CHttpResponseCodec.decode(W3CHttpResponseCodec.java:50)
at org.openqa.selenium.remote.HttpCommandExecutor.execute(HttpCommandExecutor.java:190)
at org.openqa.selenium.remote.service.DriverCommandExecutor.invokeExecute(DriverCommandExecutor.java:216)
at org.openqa.selenium.remote.service.DriverCommandExecutor.execute(DriverCommandExecutor.java:174)
at org.openqa.selenium.remote.RemoteWebDriver.execute(RemoteWebDriver.java:519)
at org.openqa.selenium.remote.RemoteWebElement.execute(RemoteWebElement.java:223)
at org.openqa.selenium.remote.RemoteWebElement.click(RemoteWebElement.java:76)
at pageEvent.LoginPage.verifyDropdownOfExplore(LoginPage.java:52)
at qaTests.Tests1.VerificationOfExploreDropdown(Tests1.java:34)
at java.base/java.util.ArrayList.forEach(ArrayList.java:1511)
... Removed 32 stack frames]]>
    </failure>
  </testcase> <!-- VerificationOfExploreDropdown -->
  <testcase classname="qaTests.Tests1" name="VerificationWhetherTheEnteredAmountIsSubtractedFromAvailableAmount" time="63.194">
    <failure type="org.openqa.selenium.NoSuchElementException" message="no such element: Unable to locate element: {&amp;quot;method&amp;quot;:&amp;quot;xpath&amp;quot;,&amp;quot;selector&amp;quot;:&amp;quot;/html/body/div[7]/div[3]/div/section/div/div[4]/p&amp;quot;}
  (Session info: MicrosoftEdge=124.0.2478.51)
For documentation on this error, please visit: https://www.selenium.dev/documentation/webdriver/troubleshooting/errors#no-such-element-exception
Build info: version: &amp;apos;4.18.1&amp;apos;, revision: &amp;apos;b1d3319b48&amp;apos;
System info: os.name: &amp;apos;Windows 10&amp;apos;, os.arch: &amp;apos;amd64&amp;apos;, os.version: &amp;apos;10.0&amp;apos;, java.version: &amp;apos;17.0.10&amp;apos;
Driver info: org.openqa.selenium.edge.EdgeDriver
Command: [f21d4a060e5aac780f136a556e1ad8bc, findElement {value=/html/body/div[7]/div[3]/div/section/div/div[4]/p, using=xpath}]
Capabilities {acceptInsecureCerts: false, browserName: MicrosoftEdge, browserVersion: 124.0.2478.51, fedcm:accounts: true, ms:edgeOptions: {debuggerAddress: localhost:60579}, msedge: {msedgedriverVersion: 124.0.2478.51 (e23a9b7d0a14..., userDataDir: C:\Users\TESTRIG\AppData\Lo...}, networkConnectionEnabled: false, pageLoadStrategy: normal, platformName: windows, proxy: Proxy(), se:cdp: ws://localhost:60579/devtoo..., se:cdpVersion: 124.0.2478.51, setWindowRect: true, strictFileInteractability: false, timeouts: {implicit: 0, pageLoad: 300000, script: 30000}, unhandledPromptBehavior: dismiss and notify, webauthn:extension:credBlob: true, webauthn:extension:largeBlob: true, webauthn:extension:minPinLength: true, webauthn:extension:prf: true, webauthn:virtualAuthenticators: true}
Session ID: f21d4a060e5aac780f136a556e1ad8bc">
      <![CDATA[org.openqa.selenium.NoSuchElementException: no such element: Unable to locate element: {"method":"xpath","selector":"/html/body/div[7]/div[3]/div/section/div/div[4]/p"}
  (Session info: MicrosoftEdge=124.0.2478.51)
For documentation on this error, please visit: https://www.selenium.dev/documentation/webdriver/troubleshooting/errors#no-such-element-exception
Build info: version: '4.18.1', revision: 'b1d3319b48'
System info: os.name: 'Windows 10', os.arch: 'amd64', os.version: '10.0', java.version: '17.0.10'
Driver info: org.openqa.selenium.edge.EdgeDriver
Command: [f21d4a060e5aac780f136a556e1ad8bc, findElement {value=/html/body/div[7]/div[3]/div/section/div/div[4]/p, using=xpath}]
Capabilities {acceptInsecureCerts: false, browserName: MicrosoftEdge, browserVersion: 124.0.2478.51, fedcm:accounts: true, ms:edgeOptions: {debuggerAddress: localhost:60579}, msedge: {msedgedriverVersion: 124.0.2478.51 (e23a9b7d0a14..., userDataDir: C:\Users\TESTRIG\AppData\Lo...}, networkConnectionEnabled: false, pageLoadStrategy: normal, platformName: windows, proxy: Proxy(), se:cdp: ws://localhost:60579/devtoo..., se:cdpVersion: 124.0.2478.51, setWindowRect: true, strictFileInteractability: false, timeouts: {implicit: 0, pageLoad: 300000, script: 30000}, unhandledPromptBehavior: dismiss and notify, webauthn:extension:credBlob: true, webauthn:extension:largeBlob: true, webauthn:extension:minPinLength: true, webauthn:extension:prf: true, webauthn:virtualAuthenticators: true}
Session ID: f21d4a060e5aac780f136a556e1ad8bc
at org.openqa.selenium.remote.ErrorCodec.decode(ErrorCodec.java:167)
at org.openqa.selenium.remote.codec.w3c.W3CHttpResponseCodec.decode(W3CHttpResponseCodec.java:138)
at org.openqa.selenium.remote.codec.w3c.W3CHttpResponseCodec.decode(W3CHttpResponseCodec.java:50)
at org.openqa.selenium.remote.HttpCommandExecutor.execute(HttpCommandExecutor.java:190)
at org.openqa.selenium.remote.service.DriverCommandExecutor.invokeExecute(DriverCommandExecutor.java:216)
at org.openqa.selenium.remote.service.DriverCommandExecutor.execute(DriverCommandExecutor.java:174)
at org.openqa.selenium.remote.RemoteWebDriver.execute(RemoteWebDriver.java:519)
at org.openqa.selenium.remote.ElementLocation$ElementFinder$2.findElement(ElementLocation.java:165)
at org.openqa.selenium.remote.ElementLocation.findElement(ElementLocation.java:59)
at org.openqa.selenium.remote.RemoteWebDriver.findElement(RemoteWebDriver.java:356)
at org.openqa.selenium.remote.RemoteWebDriver.findElement(RemoteWebDriver.java:350)
at utils.ElementFetch.getWebElement(ElementFetch.java:15)
at pageEvent.LoginPage.newStake(LoginPage.java:97)
at qaTests.Tests1.VerificationWhetherTheEnteredAmountIsSubtractedFromAvailableAmount(Tests1.java:46)
at java.base/java.util.ArrayList.forEach(ArrayList.java:1511)
... Removed 32 stack frames]]>
    </failure>
  </testcase> <!-- VerificationWhetherTheEnteredAmountIsSubtractedFromAvailableAmount -->
</testsuite> <!-- Test -->
